\BOOKMARK [1][-]{section.1}{\376\377\200\314\146\157\116\313\176\315}{}% 1
\BOOKMARK [1][-]{section.2}{\376\377\145\160\143\156\162\054\123\326\116\016\230\204\131\004\164\006}{}% 2
\BOOKMARK [1][-]{section.3}{\376\377\143\242\175\042\140\047\145\160\143\156\122\006\147\220}{}% 3
\BOOKMARK [2][-]{subsection.3.1}{\376\377\145\160\143\156\123\357\211\306\123\026}{section.3}% 4
\BOOKMARK [2][-]{subsection.3.2}{\376\377\116\073\142\020\122\006\122\006\147\220}{section.3}% 5
\BOOKMARK [2][-]{subsection.3.3}{\376\377\000L\000A\000S\000S\000O}{section.3}% 6
\BOOKMARK [1][-]{section.4}{\376\377\122\027\200\124\210\150\122\006\147\220}{}% 7
\BOOKMARK [2][-]{subsection.4.1}{\376\377\122\027\200\124\210\150\123\141\145\271\150\300\232\214}{section.4}% 8
\BOOKMARK [2][-]{subsection.4.2}{\376\377\175\057\171\357\220\073\217\221\126\336\137\122\152\041\127\213}{section.4}% 9
\BOOKMARK [2][-]{subsection.4.3}{\376\377\133\371\145\160\176\277\140\047\152\041\127\213}{section.4}% 10
\BOOKMARK [1][-]{section.5}{\376\377\131\032\122\006\174\173\220\073\217\221\126\336\137\122\122\006\147\220}{}% 11
\BOOKMARK [2][-]{subsection.5.1}{\376\377\123\330\221\317\220\011\123\326}{section.5}% 12
\BOOKMARK [2][-]{subsection.5.2}{\376\377\136\372\172\313\152\041\127\213}{section.5}% 13
\BOOKMARK [2][-]{subsection.5.3}{\376\377\152\041\127\213\211\343\221\312}{section.5}% 14
\BOOKMARK [2][-]{subsection.5.4}{\376\377\145\160\143\156\123\357\211\306\123\026}{section.5}% 15
\BOOKMARK [2][-]{subsection.5.5}{\376\377\152\041\127\213\145\071\217\333}{section.5}% 16
\BOOKMARK [1][-]{section.6}{\376\377\170\024\172\166\176\323\213\272}{}% 17
\BOOKMARK [1][-]{section.7}{\376\377\170\024\172\166\177\072\226\167\116\016\145\071\217\333}{}% 18
\BOOKMARK [2][-]{subsection.7.1}{\376\377\122\006\123\072\145\271\137\017}{section.7}% 19
\BOOKMARK [2][-]{subsection.7.2}{\376\377\131\032\122\006\174\173\126\336\137\122\116\016\176\277\140\047\126\336\137\122}{section.7}% 20
